Using pre-set license
Built from '2020.3/release' branch; Version is '2020.3.12f1 (b3b2c6512326) revision 11776710'; Using compiler version '192528614'; Build Type 'Release'
OS: 'Windows 10 Pro; OS build 19043.1052; Version 2009; 64bit' Language: 'en' Physical Memory: 16335 MB
BatchMode: 1, IsHumanControllingUs: 0, StartBugReporterOnCrash: 0, Is64bit: 1, IsPro: 0

 COMMAND LINE ARGUMENTS:
D:\Game Development\Unity\Hub\Editor\2020.3.12f1\Editor\Unity.exe
-adb2
-batchMode
-noUpm
-name
AssetImportWorker0
-projectPath
D:/Game Development/Unity Projects/LockDawn Game
-logFile
Logs/AssetImportWorker0.log
-srvPort
57205
Successfully changed project path to: D:/Game Development/Unity Projects/LockDawn Game
D:/Game Development/Unity Projects/LockDawn Game
Using Asset Import Pipeline V2.
Refreshing native plugins compatible for Editor in 44.17 ms, found 2 plugins.
Preloading 0 native plugins for Editor in 0.00 ms.
Initialize engine version: 2020.3.12f1 (b3b2c6512326)
[Subsystems] Discovering subsystems at path D:/Game Development/Unity/Hub/Editor/2020.3.12f1/Editor/Data/Resources/UnitySubsystems
[Subsystems] Discovering subsystems at path D:/Game Development/Unity Projects/LockDawn Game/Assets
GfxDevice: creating device client; threaded=0
Direct3D:
    Version:  Direct3D 11.0 [level 11.1]
    Renderer: Radeon RX 570 Series (ID=0x67df)
    Vendor:   
    VRAM:     4075 MB
    Driver:   27.20.21002.112
Initialize mono
Mono path[0] = 'D:/Game Development/Unity/Hub/Editor/2020.3.12f1/Editor/Data/Managed'
Mono path[1] = 'D:/Game Development/Unity/Hub/Editor/2020.3.12f1/Editor/Data/MonoBleedingEdge/lib/mono/unityjit'
Mono config path = 'D:/Game Development/Unity/Hub/Editor/2020.3.12f1/Editor/Data/MonoBleedingEdge/etc'
Using monoOptions --debugger-agent=transport=dt_socket,embedding=1,server=y,suspend=n,address=127.0.0.1:56128
Begin MonoManager ReloadAssembly
Registering precompiled unity dll's ...
Register platform support module: D:/Game Development/Unity/Hub/Editor/2020.3.12f1/Editor/Data/PlaybackEngines/WindowsStandaloneSupport/UnityEditor.WindowsStandalone.Extensions.dll
Registered in 0.001629 seconds.
Native extension for WindowsStandalone target not found
Refreshing native plugins compatible for Editor in 41.50 ms, found 2 plugins.
Preloading 0 native plugins for Editor in 0.00 ms.
Mono: successfully reloaded assembly
- Completed reload, in  1.662 seconds
Platform modules already initialized, skipping
Registering precompiled user dll's ...
Registered in 0.003199 seconds.
Begin MonoManager ReloadAssembly
Native extension for WindowsStandalone target not found
Refreshing native plugins compatible for Editor in 47.60 ms, found 2 plugins.
Preloading 0 native plugins for Editor in 0.00 ms.
Mono: successfully reloaded assembly
- Completed reload, in  1.341 seconds
Platform modules already initialized, skipping
========================================================================
Worker process is ready to serve import requests
Launched and connected shader compiler UnityShaderCompiler.exe after 0.06 seconds
Refreshing native plugins compatible for Editor in 0.44 ms, found 2 plugins.
Preloading 0 native plugins for Editor in 0.00 ms.
Unloading 1845 Unused Serialized files (Serialized files now loaded: 0)
System memory in use before: 82.8 MB.
System memory in use after: 82.8 MB.

Unloading 22 unused Assets to reduce memory usage. Loaded Objects now: 2281.
Total: 2.355500 ms (FindLiveObjects: 0.200000 ms CreateObjectMapping: 0.045600 ms MarkObjects: 2.014300 ms  DeleteObjects: 0.094000 ms)

AssetImportParameters requested are different than current active one (requested -> active):
  custom:framework-win-MediaFoundation: 216162199b28c13a410421893ffa2e32 -> 
  custom:video-decoder-ogg-theora: a1e56fd34408186e4bbccfd4996cb3dc -> 
  custom:container-muxer-webm: aa71ff27fc2769a1b78a27578f13a17b -> 
  custom:container-demuxer-webm: 4f35f7cbe854078d1ac9338744f61a02 -> 
  custom:container-demuxer-ogg: 62fdf1f143b41e24485cea50d1cbac27 -> 
  custom:video-encoder-webm-vp8: eb34c28f22e8b96e1ab97ce403110664 -> 
  custom:video-decoder-webm-vp8: 9c59270c3fd7afecdb556c50c9e8de78 -> 
  custom:audio-decoder-ogg-vorbis: bf7c407c2cedff20999df2af8eb42d56 -> 
  custom:audio-encoder-webm-vorbis: bf7c407c2cedff20999df2af8eb42d56 -> 
========================================================================
Received Import Request.
  path: Assets/StarterAssets/Readme.asset
  artifactKey: Guid(4181bfe715a83e843b7538d750dc57cc) Importer(815301076,1909f56bfc062723c751e8b465ee728b)
Start importing Assets/StarterAssets/Readme.asset using Guid(4181bfe715a83e843b7538d750dc57cc) Importer(815301076,1909f56bfc062723c751e8b465ee728b)  -> (artifact id: '13167d1a8141c6a91ea2a8d07c3902f8') in 0.063587 seconds 
  Import took 0.066621 seconds .

========================================================================
Received Prepare
Registering precompiled user dll's ...
Registered in 0.003713 seconds.
Begin MonoManager ReloadAssembly
The file 'MemoryStream' is corrupted! Remove it and launch unity again!
[Position out of bounds!]

Fatal Error! The file 'MemoryStream' is corrupted! Remove it and launch unity again!
[Position out of bounds!]

Crash!!!
SymInit: Symbol-SearchPath: 'D:/Game Development/Unity/Hub/Editor/2020.3.12f1/Editor/Data/Mono;.;D:\Game Development\Unity Projects\LockDawn Game;D:\Game Development\Unity\Hub\Editor\2020.3.12f1\Editor;C:\WINDOWS;C:\WINDOWS\system32;SRV*C:\websymbols*http://msdl.microsoft.com/download/symbols;', symOptions: 534, UserName: 'PC'
OS-Version: 10.0.0
D:\Game Development\Unity\Hub\Editor\2020.3.12f1\Editor\Unity.exe:Unity.exe (00007FF6AA9F0000), size: 134811648 (result: 0), SymType: '-deferred-', PDB: '', fileVersion: 2020.3.12.45766
C:\WINDOWS\SYSTEM32\ntdll.dll:ntdll.dll (00007FF940150000), size: 2052096 (result: 0), SymType: '-deferred-', PDB: '', fileVersion: 10.0.19041.1023
C:\WINDOWS\System32\KERNEL32.DLL:KERNEL32.DLL (00007FF93EB20000), size: 774144 (result: 0), SymType: '-deferred-', PDB: '', fileVersion: 10.0.19041.1023
C:\WINDOWS\System32\KERNELBASE.dll:KERNELBASE.dll (00007FF93DA40000), size: 2916352 (result: 0), SymType: '-deferred-', PDB: '', fileVersion: 10.0.19041.1023
C:\WINDOWS\System32\CRYPT32.dll:CRYPT32.dll (00007FF93DD10000), size: 1437696 (result: 0), SymType: '-deferred-', PDB: '', fileVersion: 10.0.19041.844
C:\WINDOWS\System32\ucrtbase.dll:ucrtbase.dll (00007FF93D940000), size: 1048576 (result: 0), SymType: '-deferred-', PDB: '', fileVersion: 10.0.19041.789
C:\WINDOWS\System32\USER32.dll:USER32.dll (00007FF93FDF0000), size: 1703936 (result: 0), SymType: '-deferred-', PDB: '', fileVersion: 10.0.19041.906
C:\WINDOWS\System32\win32u.dll:win32u.dll (00007FF93E190000), size: 139264 (result: 0), SymType: '-deferred-', PDB: '', fileVersion: 10.0.19041.1052
C:\WINDOWS\System32\GDI32.dll:GDI32.dll (00007FF93FB40000), size: 172032 (result: 0), SymType: '-deferred-', PDB: '', fileVersion: 10.0.19041.746
C:\WINDOWS\System32\gdi32full.dll:gdi32full.dll (00007FF93E000000), size: 1093632 (result: 0), SymType: '-deferred-', PDB: '', fileVersion: 10.0.19041.928
C:\WINDOWS\System32\msvcp_win.dll:msvcp_win.dll (00007FF93DF00000), size: 643072 (result: 0), SymType: '-deferred-', PDB: '', fileVersion: 10.0.19041.789
D:\Game Development\Unity\Hub\Editor\2020.3.12f1\Editor\optix.6.0.0.dll:optix.6.0.0.dll (00007FF92A1D0000), size: 208896 (result: 0), SymType: '-deferred-', PDB: '', fileVersion: 6.0.0.0
D:\Game Development\Unity\Hub\Editor\2020.3.12f1\Editor\OpenImageDenoise.dll:OpenImageDenoise.dll (00007FF8B56A0000), size: 43806720 (result: 0), SymType: '-deferred-', PDB: ''
D:\Game Development\Unity\Hub\Editor\2020.3.12f1\Editor\libfbxsdk.dll:libfbxsdk.dll (00007FF8E29D0000), size: 10215424 (result: 0), SymType: '-deferred-', PDB: '', fileVersion: 2020.2.0.0
C:\WINDOWS\System32\ADVAPI32.dll:ADVAPI32.dll (00007FF93FC10000), size: 704512 (result: 0), SymType: '-deferred-', PDB: '', fileVersion: 10.0.19041.1052
C:\WINDOWS\System32\msvcrt.dll:msvcrt.dll (00007FF93FF90000), size: 647168 (result: 0), SymType: '-deferred-', PDB: '', fileVersion: 7.0.19041.546
C:\WINDOWS\System32\sechost.dll:sechost.dll (00007FF93FB70000), size: 634880 (result: 0), SymType: '-deferred-', PDB: '', fileVersion: 10.0.19041.906
C:\WINDOWS\System32\RPCRT4.dll:RPCRT4.dll (00007FF93F330000), size: 1224704 (result: 0), SymType: '-deferred-', PDB: '', fileVersion: 10.0.19041.1052
C:\WINDOWS\System32\SHELL32.dll:SHELL32.dll (00007FF93EBF0000), size: 7598080 (result: 0), SymType: '-deferred-', PDB: '', fileVersion: 10.0.19041.1023
C:\WINDOWS\System32\SHLWAPI.dll:SHLWAPI.dll (00007FF93F860000), size: 348160 (result: 0), SymType: '-deferred-', PDB: '', fileVersion: 10.0.19041.1023
D:\Game Development\Unity\Hub\Editor\2020.3.12f1\Editor\umbraoptimizer64.dll:umbraoptimizer64.dll (00007FF8E2890000), size: 1306624 (result: 0), SymType: '-deferred-', PDB: ''
D:\Game Development\Unity\Hub\Editor\2020.3.12f1\Editor\FreeImage.dll:FreeImage.dll (0000000180000000), size: 6414336 (result: 0), SymType: '-deferred-', PDB: '', fileVersion: 3.18.0.0
D:\Game Development\Unity\Hub\Editor\2020.3.12f1\Editor\ispc_texcomp.dll:ispc_texcomp.dll (00007FF8E2700000), size: 1609728 (result: 0), SymType: '-deferred-', PDB: ''
C:\WINDOWS\System32\WS2_32.dll:WS2_32.dll (00007FF93F7F0000), size: 438272 (result: 0), SymType: '-deferred-', PDB: '', fileVersion: 10.0.19041.546
C:\WINDOWS\System32\ole32.dll:ole32.dll (00007FF93FCC0000), size: 1220608 (result: 0), SymType: '-deferred-', PDB: '', fileVersion: 10.0.19041.746
C:\WINDOWS\System32\WLDAP32.dll:WLDAP32.dll (00007FF93EA10000), size: 352256 (result: 0), SymType: '-deferred-', PDB: '', fileVersion: 10.0.19041.546
C:\WINDOWS\System32\combase.dll:combase.dll (00007FF93F490000), size: 3493888 (result: 0), SymType: '-deferred-', PDB: '', fileVersion: 10.0.19041.1052
C:\WINDOWS\System32\Normaliz.dll:Normaliz.dll (00007FF93E220000), size: 32768 (result: 0), SymType: '-deferred-', PDB: '', fileVersion: 10.0.19041.546
D:\Game Development\Unity\Hub\Editor\2020.3.12f1\Editor\WinPixEventRuntime.dll:WinPixEventRuntime.dll (00007FF9394A0000), size: 45056 (result: 0), SymType: '-deferred-', PDB: '', fileVersion: 1.0.1812.6001
C:\WINDOWS\System32\IMM32.dll:IMM32.dll (00007FF93F460000), size: 196608 (result: 0), SymType: '-deferred-', PDB: '', fileVersion: 10.0.19041.546
C:\WINDOWS\System32\SETUPAPI.dll:SETUPAPI.dll (00007FF93E310000), size: 4624384 (result: 0), SymType: '-deferred-', PDB: '', fileVersion: 10.0.19041.844
C:\WINDOWS\System32\cfgmgr32.dll:cfgmgr32.dll (00007FF93E110000), size: 319488 (result: 0), SymType: '-deferred-', PDB: '', fileVersion: 10.0.19041.546
D:\Game Development\Unity\Hub\Editor\2020.3.12f1\Editor\tbb.dll:tbb.dll (00007FF913910000), size: 413696 (result: 0), SymType: '-deferred-', PDB: '', fileVersion: 2017.0.2016.1004
C:\WINDOWS\System32\bcrypt.dll:bcrypt.dll (00007FF93E160000), size: 159744 (result: 0), SymType: '-deferred-', PDB: '', fileVersion: 10.0.19041.1023
C:\WINDOWS\System32\OLEAUT32.dll:OLEAUT32.dll (00007FF940040000), size: 839680 (result: 0), SymType: '-deferred-', PDB: '', fileVersion: 10.0.19041.985
C:\WINDOWS\System32\WINTRUST.dll:WINTRUST.dll (00007FF93DFA0000), size: 393216 (result: 0), SymType: '-deferred-', PDB: '', fileVersion: 10.0.19041.1052
C:\WINDOWS\SYSTEM32\VCRUNTIME140.dll:VCRUNTIME140.dll (00007FF939220000), size: 102400 (result: 0), SymType: '-deferred-', PDB: '', fileVersion: 14.28.29325.2
C:\WINDOWS\SYSTEM32\OPENGL32.dll:OPENGL32.dll (00007FF8F5F30000), size: 1204224 (result: 0), SymType: '-deferred-', PDB: '', fileVersion: 10.0.19041.928
C:\WINDOWS\SYSTEM32\GLU32.dll:GLU32.dll (00007FF92DAA0000), size: 180224 (result: 0), SymType: '-deferred-', PDB: '', fileVersion: 10.0.19041.844
C:\WINDOWS\SYSTEM32\IPHLPAPI.DLL:IPHLPAPI.DLL (00007FF93CD10000), size: 241664 (result: 0), SymType: '-deferred-', PDB: '', fileVersion: 10.0.19041.546
C:\WINDOWS\SYSTEM32\MSVCP140.dll:MSVCP140.dll (00007FF8E5E60000), size: 598016 (result: 0), SymType: '-deferred-', PDB: '', fileVersion: 14.28.29325.2
C:\WINDOWS\SYSTEM32\MSVCP120.dll:MSVCP120.dll (00007FF92A030000), size: 679936 (result: 0), SymType: '-deferred-', PDB: '', fileVersion: 12.0.40649.5
C:\WINDOWS\SYSTEM32\MSVCR120.dll:MSVCR120.dll (00007FF92AB30000), size: 978944 (result: 0), SymType: '-deferred-', PDB: '', fileVersion: 12.0.40649.5
C:\WINDOWS\SYSTEM32\WINHTTP.dll:WINHTTP.dll (00007FF934C40000), size: 1093632 (result: 0), SymType: '-deferred-', PDB: '', fileVersion: 10.0.19041.1023
C:\WINDOWS\SYSTEM32\WINMM.dll:WINMM.dll (00007FF934680000), size: 159744 (result: 0), SymType: '-deferred-', PDB: '', fileVersion: 10.0.19041.546
D:\Game Development\Unity\Hub\Editor\2020.3.12f1\Editor\RadeonImageFilters.dll:RadeonImageFilters.dll (00007FF8E2490000), size: 2535424 (result: 0), SymType: '-deferred-', PDB: '', fileVersion: 1.5.1.0
C:\WINDOWS\SYSTEM32\HID.DLL:HID.DLL (00007FF93C190000), size: 53248 (result: 0), SymType: '-deferred-', PDB: '', fileVersion: 10.0.19041.546
D:\Game Development\Unity\Hub\Editor\2020.3.12f1\Editor\SketchUpAPI.dll:SketchUpAPI.dll (00007FF8E1C00000), size: 8978432 (result: 0), SymType: '-deferred-', PDB: '', fileVersion: 19.0.753.0
C:\WINDOWS\SYSTEM32\VERSION.dll:VERSION.dll (00007FF937C40000), size: 40960 (result: 0), SymType: '-deferred-', PDB: '', fileVersion: 10.0.19041.546
C:\WINDOWS\SYSTEM32\WSOCK32.dll:WSOCK32.dll (00007FF939490000), size: 36864 (result: 0), SymType: '-deferred-', PDB: '', fileVersion: 10.0.19041.1
C:\WINDOWS\SYSTEM32\VCRUNTIME140_1.dll:VCRUNTIME140_1.dll (00007FF939210000), size: 49152 (result: 0), SymType: '-deferred-', PDB: '', fileVersion: 14.28.29325.2
D:\Game Development\Unity\Hub\Editor\2020.3.12f1\Editor\SketchUpCommonPreferences.dll:SketchUpCommonPreferences.dll (00007FF8FFF60000), size: 483328 (result: 0), SymType: '-deferred-', PDB: '', fileVersion: 19.0.753.20342
C:\WINDOWS\SYSTEM32\Secur32.dll:Secur32.dll (00007FF92A7B0000), size: 49152 (result: 0), SymType: '-deferred-', PDB: '', fileVersion: 10.0.19041.546
C:\WINDOWS\SYSTEM32\SSPICLI.DLL:SSPICLI.DLL (00007FF93D780000), size: 200704 (result: 0), SymType: '-deferred-', PDB: '', fileVersion: 10.0.19041.906
D:\Game Development\Unity\Hub\Editor\2020.3.12f1\Editor\OpenRL.dll:OpenRL.dll (0000021E091C0000), size: 12779520 (result: 0), SymType: '-deferred-', PDB: '', fileVersion: 1.5.0.2907
C:\WINDOWS\SYSTEM32\MSVCR100.dll:MSVCR100.dll (0000000077680000), size: 860160 (result: 0), SymType: '-deferred-', PDB: '', fileVersion: 10.0.40219.325
C:\WINDOWS\SYSTEM32\MSVCP100.dll:MSVCP100.dll (0000000075A50000), size: 622592 (result: 0), SymType: '-deferred-', PDB: '', fileVersion: 10.0.40219.325
D:\Game Development\Unity\Hub\Editor\2020.3.12f1\Editor\embree.dll:embree.dll (00007FF8E0C10000), size: 16711680 (result: 0), SymType: '-deferred-', PDB: '', fileVersion: 2.14.0.0
C:\WINDOWS\SYSTEM32\MSWSOCK.DLL:MSWSOCK.DLL (00007FF93D070000), size: 434176 (result: 0), SymType: '-deferred-', PDB: '', fileVersion: 10.0.19041.546
D:\Game Development\Unity\Hub\Editor\2020.3.12f1\Editor\OpenRL_pthread.dll:OpenRL_pthread.dll (0000021E09E10000), size: 61440 (result: 0), SymType: '-deferred-', PDB: '', fileVersion: 2.9.0.0
C:\WINDOWS\SYSTEM32\MSASN1.dll:MSASN1.dll (00007FF93D480000), size: 73728 (result: 0), SymType: '-deferred-', PDB: '', fileVersion: 10.0.19041.546
C:\WINDOWS\SYSTEM32\kernel.appcore.dll:kernel.appcore.dll (00007FF93B800000), size: 73728 (result: 0), SymType: '-deferred-', PDB: '', fileVersion: 10.0.19041.546
C:\WINDOWS\System32\bcryptPrimitives.dll:bcryptPrimitives.dll (00007FF93DE70000), size: 536576 (result: 0), SymType: '-deferred-', PDB: '', fileVersion: 10.0.19041.1023
C:\WINDOWS\system32\uxtheme.dll:uxtheme.dll (00007FF93B340000), size: 647168 (result: 0), SymType: '-deferred-', PDB: '', fileVersion: 10.0.19041.746
C:\Program Files (x86)\Stardock\Fences\FencesMenu64.dll:FencesMenu64.dll (00007FF8FDE50000), size: 1388544 (result: 0), SymType: '-deferred-', PDB: '', fileVersion: 3.0.9.11
C:\WINDOWS\SYSTEM32\USERENV.dll:USERENV.dll (00007FF93D750000), size: 188416 (result: 0), SymType: '-deferred-', PDB: '', fileVersion: 10.0.19041.572
C:\WINDOWS\SYSTEM32\WTSAPI32.dll:WTSAPI32.dll (00007FF939630000), size: 81920 (result: 0), SymType: '-deferred-', PDB: '', fileVersion: 10.0.19041.546
C:\WINDOWS\WinSxS\amd64_microsoft.windows.gdiplus_6595b64144ccf1df_1.1.19041.1023_none_91a0d43ccc8b3035\gdiplus.dll:gdiplus.dll (00007FF92DF30000), size: 1748992 (result: 0), SymType: '-deferred-', PDB: '', fileVersion: 10.0.19041.1023
C:\WINDOWS\System32\shcore.dll:shcore.dll (00007FF93EA70000), size: 712704 (result: 0), SymType: '-deferred-', PDB: '', fileVersion: 10.0.19041.1023
C:\WINDOWS\SYSTEM32\windows.storage.dll:windows.storage.dll (00007FF93BA00000), size: 7929856 (result: 0), SymType: '-deferred-', PDB: '', fileVersion: 10.0.19041.1023
C:\WINDOWS\SYSTEM32\Wldp.dll:Wldp.dll (00007FF93D300000), size: 180224 (result: 0), SymType: '-deferred-', PDB: '', fileVersion: 10.0.19041.662
C:\WINDOWS\SYSTEM32\profapi.dll:profapi.dll (00007FF93D7D0000), size: 126976 (result: 0), SymType: '-deferred-', PDB: '', fileVersion: 10.0.19041.844
C:\WINDOWS\System32\clbcatq.dll:clbcatq.dll (00007FF93F8C0000), size: 692224 (result: 0), SymType: '-deferred-', PDB: '', fileVersion: 2001.12.10941.16384
C:\WINDOWS\System32\netprofm.dll:netprofm.dll (00007FF9391B0000), size: 253952 (result: 0), SymType: '-deferred-', PDB: '', fileVersion: 10.0.19041.906
C:\WINDOWS\System32\npmproxy.dll:npmproxy.dll (00007FF9370E0000), size: 65536 (result: 0), SymType: '-deferred-', PDB: '', fileVersion: 10.0.19041.906
C:\WINDOWS\System32\NSI.dll:NSI.dll (00007FF93EBE0000), size: 32768 (result: 0), SymType: '-deferred-', PDB: '', fileVersion: 10.0.19041.610
C:\WINDOWS\SYSTEM32\dhcpcsvc6.DLL:dhcpcsvc6.DLL (00007FF937430000), size: 94208 (result: 0), SymType: '-deferred-', PDB: '', fileVersion: 10.0.19041.546
C:\WINDOWS\SYSTEM32\dhcpcsvc.DLL:dhcpcsvc.DLL (00007FF937790000), size: 118784 (result: 0), SymType: '-deferred-', PDB: '', fileVersion: 10.0.19041.546
C:\WINDOWS\SYSTEM32\DNSAPI.dll:DNSAPI.dll (00007FF93CD60000), size: 835584 (result: 0), SymType: '-deferred-', PDB: '', fileVersion: 10.0.19041.1023
C:\WINDOWS\System32\fwpuclnt.dll:fwpuclnt.dll (00007FF92D760000), size: 520192 (result: 0), SymType: '-deferred-', PDB: '', fileVersion: 10.0.19041.964
C:\Windows\System32\rasadhlp.dll:rasadhlp.dll (00007FF92D580000), size: 40960 (result: 0), SymType: '-deferred-', PDB: '', fileVersion: 10.0.19041.546
C:\WINDOWS\SYSTEM32\d3d11.dll:d3d11.dll (00007FF939650000), size: 2506752 (result: 0), SymType: '-deferred-', PDB: '', fileVersion: 10.0.19041.746
C:\WINDOWS\SYSTEM32\dxgi.dll:dxgi.dll (00007FF93C1D0000), size: 999424 (result: 0), SymType: '-deferred-', PDB: '', fileVersion: 10.0.19041.964
C:\WINDOWS\System32\DriverStore\FileRepository\u0366490.inf_amd64_c0dea8a43cb81731\B366217\aticfx64.dll:aticfx64.dll (00007FF9346B0000), size: 1945600 (result: 0), SymType: '-deferred-', PDB: '', fileVersion: 27.20.21002.112
C:\WINDOWS\System32\DriverStore\FileRepository\u0366490.inf_amd64_c0dea8a43cb81731\B366217\atiuxp64.dll:atiuxp64.dll (00007FF934640000), size: 229376 (result: 0), SymType: '-deferred-', PDB: '', fileVersion: 27.20.21002.112
C:\WINDOWS\System32\DriverStore\FileRepository\u0366490.inf_amd64_c0dea8a43cb81731\B366217\atidxx64.dll:atidxx64.dll (00007FF92ED40000), size: 32886784 (result: 0), SymType: '-deferred-', PDB: '', fileVersion: 27.20.21002.112
C:\WINDOWS\SYSTEM32\apphelp.dll:apphelp.dll (00007FF93B240000), size: 589824 (result: 0), SymType: '-deferred-', PDB: '', fileVersion: 10.0.19041.928
C:\WINDOWS\SYSTEM32\amdihk64.dll:amdihk64.dll (00007FF934260000), size: 196608 (result: 0), SymType: '-deferred-', PDB: '', fileVersion: 2.0.0.1788
C:\WINDOWS\SYSTEM32\dxcore.dll:dxcore.dll (00007FF934E10000), size: 241664 (result: 0), SymType: '-deferred-', PDB: '', fileVersion: 10.0.19041.546
C:\WINDOWS\SYSTEM32\D3DSCache.dll:D3DSCache.dll (00007FF933E00000), size: 176128 (result: 0), SymType: '-deferred-', PDB: '', fileVersion: 10.0.19041.746
C:\WINDOWS\system32\wbem\wbemprox.dll:wbemprox.dll (00007FF92CB00000), size: 69632 (result: 0), SymType: '-deferred-', PDB: '', fileVersion: 10.0.19041.844
C:\WINDOWS\SYSTEM32\wbemcomn.dll:wbemcomn.dll (00007FF92CB20000), size: 606208 (result: 0), SymType: '-deferred-', PDB: '', fileVersion: 10.0.19041.844
C:\WINDOWS\system32\wbem\wbemsvc.dll:wbemsvc.dll (00007FF92D980000), size: 81920 (result: 0), SymType: '-deferred-', PDB: '', fileVersion: 10.0.19041.844
C:\WINDOWS\system32\wbem\fastprox.dll:fastprox.dll (00007FF92C050000), size: 1093632 (result: 0), SymType: '-deferred-', PDB: '', fileVersion: 10.0.19041.546
C:\WINDOWS\SYSTEM32\amsi.dll:amsi.dll (00007FF92B8A0000), size: 102400 (result: 0), SymType: '-deferred-', PDB: '', fileVersion: 10.0.19041.746
C:\ProgramData\Microsoft\Windows Defender\Platform\4.18.2105.5-0\MpOav.dll:MpOav.dll (00007FF92A8B0000), size: 495616 (result: 0), SymType: '-deferred-', PDB: '', fileVersion: 4.18.2105.5
C:\WINDOWS\SYSTEM32\opencl.dll:opencl.dll (00007FF9042D0000), size: 147456 (result: 0), SymType: '-deferred-', PDB: '', fileVersion: 2.2.6.0
D:\Game Development\Unity\Hub\Editor\2020.3.12f1\Editor\radeonrays.dll:radeonrays.dll (00007FF8DE2F0000), size: 552960 (result: 0), SymType: '-deferred-', PDB: ''
D:\Game Development\Unity\Hub\Editor\2020.3.12f1\Editor\Data\MonoBleedingEdge\EmbedRuntime\mono-2.0-bdwgc.dll:mono-2.0-bdwgc.dll (00007FF8D2930000), size: 7790592 (result: 0), SymType: '-deferred-', PDB: ''
C:\WINDOWS\System32\PSAPI.DLL:PSAPI.DLL (00007FF940030000), size: 32768 (result: 0), SymType: '-deferred-', PDB: '', fileVersion: 10.0.19041.546
C:\ProgramData\Microsoft\VisualStudio\Setup\x64\Microsoft.VisualStudio.Setup.Configuration.Native.dll:Microsoft.VisualStudio.Setup.Configuration.Native.dll (00007FF8DC620000), size: 327680 (result: 0), SymType: '-deferred-', PDB: '', fileVersion: 2.7.3111.17308
C:\WINDOWS\SYSTEM32\CRYPTSP.dll:CRYPTSP.dll (00007FF93D250000), size: 98304 (result: 0), SymType: '-deferred-', PDB: '', fileVersion: 10.0.19041.546
C:\WINDOWS\system32\rsaenh.dll:rsaenh.dll (00007FF93C9A0000), size: 212992 (result: 0), SymType: '-deferred-', PDB: '', fileVersion: 10.0.19041.1052
C:\WINDOWS\SYSTEM32\CRYPTBASE.dll:CRYPTBASE.dll (00007FF93D240000), size: 49152 (result: 0), SymType: '-deferred-', PDB: '', fileVersion: 10.0.19041.546
C:\WINDOWS\SYSTEM32\PROPSYS.dll:PROPSYS.dll (00007FF9394D0000), size: 1007616 (result: 0), SymType: '-deferred-', PDB: '', fileVersion: 7.0.19041.1023
C:\WINDOWS\WinSxS\amd64_microsoft.windows.common-controls_6595b64144ccf1df_6.0.19041.1052_none_60b8f8fd71f5e8cb\comctl32.dll:comctl32.dll (00007FF92CE60000), size: 2727936 (result: 0), SymType: '-deferred-', PDB: '', fileVersion: 6.10.19041.1052
C:\WINDOWS\SYSTEM32\WindowsCodecs.dll:WindowsCodecs.dll (00007FF9374E0000), size: 1785856 (result: 0), SymType: '-deferred-', PDB: '', fileVersion: 10.0.19041.1023
C:\Windows\System32\thumbcache.dll:thumbcache.dll (00007FF909880000), size: 417792 (result: 0), SymType: '-deferred-', PDB: '', fileVersion: 10.0.19041.746
C:\WINDOWS\SYSTEM32\policymanager.dll:policymanager.dll (00007FF9381D0000), size: 655360 (result: 0), SymType: '-deferred-', PDB: '', fileVersion: 10.0.19041.1023
C:\WINDOWS\SYSTEM32\msvcp110_win.dll:msvcp110_win.dll (00007FF93CA30000), size: 565248 (result: 0), SymType: '-deferred-', PDB: '', fileVersion: 10.0.19041.546
C:\WINDOWS\SYSTEM32\dbghelp.dll:dbghelp.dll (00007FF936740000), size: 1982464 (result: 0), SymType: '-deferred-', PDB: '', fileVersion: 10.0.19041.867

========== OUTPUTTING STACK TRACE ==================

0x00007FF93DA74B89 (KERNELBASE) RaiseException
0x00007FF6AD12BD2D (Unity) EditorMonoConsole::LogToConsoleImplementation
0x00007FF6AD12CC9B (Unity) EditorMonoConsole::LogToConsoleImplementation
0x00007FF6AED0087E (Unity) DebugStringToFilePostprocessedStacktrace
0x00007FF6AECFFE2F (Unity) DebugStringToFile
0x00007FF6ABF119BE (Unity) CachedReader::OutOfBoundsError
0x00007FF6ABF16A94 (Unity) CachedReader::UpdateReadCache
0x00007FF6AC071E76 (Unity) ExecuteSerializationCommands<SafeBinaryRead>
0x00007FF6AC078DBE (Unity) TransferScriptingObject<StreamedBinaryRead,0>
0x00007FF6AC09426C (Unity) SerializableManagedRefTransfer::TransferBinaryInstanceOnly
0x00007FF6AC0740D8 (Unity) SerializableManagedRefTransfer::RestoreBackupImpl<SerializableManagedRefBackupGenerator>
0x00007FF6AC073F7B (Unity) SerializableManagedRefTransfer::RestoreBackup<SerializableManagedRefBackupGenerator>
0x00007FF6AC5FE07D (Unity) SerializableManagedRefsUtilities::RestoreBackups
0x00007FF6AC540C0D (Unity) MonoManager::EndReloadAssembly
0x00007FF6AC547B09 (Unity) MonoManager::ReloadAssembly
0x00007FF6AD8FE311 (Unity) LoadDomainAndUserAssemblies
0x00007FF6AD8FE7BE (Unity) LoadUserAssemblies
0x00007FF6ADD69238 (Unity) <lambda_32ff519d5c36f44c8f28c9876d6db935>::operator()
0x00007FF6ADE0D592 (Unity) asio::detail::completion_handler<core::mutable_function<void __cdecl(void)> >::do_complete
0x00007FF6ADE0F6F0 (Unity) asio::detail::win_iocp_io_service::do_one
0x00007FF6ADE12E7E (Unity) asio::io_service::run
0x00007FF6ADD9627B (Unity) RunAssetImportWorkerClientV2
0x00007FF6ADD962D0 (Unity) RunAssetImporterV2
0x00007FF6AD284DF6 (Unity) Application::InitializeProject
0x00007FF6ADC0A7E2 (Unity) WinMain
0x00007FF6AFA5AE86 (Unity) __scrt_common_main_seh
0x00007FF93EB37034 (KERNEL32) BaseThreadInitThunk
0x00007FF9401A2651 (ntdll) RtlUserThreadStart

========== END OF STACKTRACE ===========

A crash has been intercepted by the crash handler. For call stack and other details, see the latest crash report generated in:
 * C:/Users/PC/AppData/Local/Temp/Unity/Editor/Crashes
